Using pre-set license
Built from '2021.3/staging' branch; Version is '2021.3.16f1 (4016570cf34f) revision 4200023'; Using compiler version '192829333'; Build Type 'Release'
OS: 'Windows 11  (10.0.22621) 64bit Core' Language: 'en' Physical Memory: 15596 MB
BatchMode: 1, IsHumanControllingUs: 0, StartBugReporterOnCrash: 0, Is64bit: 1, IsPro: 1

COMMAND LINE ARGUMENTS:
C:\Program Files\Unity\Hub\Editor\2021.3.16f1\Editor\Unity.exe
-adb2
-batchMode
-noUpm
-name
AssetImportWorker0
-projectPath
C:/Users/david/Documents/Game Dev/RealtimeBlurs/Blurs
-logFile
Logs/AssetImportWorker0.log
-srvPort
51254
Successfully changed project path to: C:/Users/david/Documents/Game Dev/RealtimeBlurs/Blurs
C:/Users/david/Documents/Game Dev/RealtimeBlurs/Blurs
[UnityMemory] Configuration Parameters - Can be set up in boot.config
    "memorysetup-bucket-allocator-granularity=16"
    "memorysetup-bucket-allocator-bucket-count=8"
    "memorysetup-bucket-allocator-block-size=33554432"
    "memorysetup-bucket-allocator-block-count=8"
    "memorysetup-main-allocator-block-size=16777216"
    "memorysetup-thread-allocator-block-size=16777216"
    "memorysetup-gfx-main-allocator-block-size=16777216"
    "memorysetup-gfx-thread-allocator-block-size=16777216"
    "memorysetup-cache-allocator-block-size=4194304"
    "memorysetup-typetree-allocator-block-size=2097152"
    "memorysetup-profiler-bucket-allocator-granularity=16"
    "memorysetup-profiler-bucket-allocator-bucket-count=8"
    "memorysetup-profiler-bucket-allocator-block-size=33554432"
    "memorysetup-profiler-bucket-allocator-block-count=8"
    "memorysetup-profiler-allocator-block-size=16777216"
    "memorysetup-profiler-editor-allocator-block-size=1048576"
    "memorysetup-temp-allocator-size-main=16777216"
    "memorysetup-job-temp-allocator-block-size=2097152"
    "memorysetup-job-temp-allocator-block-size-background=1048576"
    "memorysetup-job-temp-allocator-reduction-small-platforms=262144"
    "memorysetup-temp-allocator-size-background-worker=32768"
    "memorysetup-temp-allocator-size-job-worker=262144"
    "memorysetup-temp-allocator-size-preload-manager=33554432"
    "memorysetup-temp-allocator-size-nav-mesh-worker=65536"
    "memorysetup-temp-allocator-size-audio-worker=65536"
    "memorysetup-temp-allocator-size-cloud-worker=32768"
    "memorysetup-temp-allocator-size-gi-baking-worker=262144"
    "memorysetup-temp-allocator-size-gfx=262144"
Player connection [18208] Host "[IP] 192.168.0.157 [Port] 0 [Flags] 2 [Guid] 1111151794 [EditorId] 1111151794 [Version] 1048832 [Id] WindowsEditor(7,Zephyrus) [Debug] 1 [PackageName] WindowsEditor [ProjectName] Editor" joined multi-casting on [225.0.0.222:54997]...

Player connection [18208] Host "[IP] 192.168.0.157 [Port] 0 [Flags] 2 [Guid] 1111151794 [EditorId] 1111151794 [Version] 1048832 [Id] WindowsEditor(7,Zephyrus) [Debug] 1 [PackageName] WindowsEditor [ProjectName] Editor" joined alternative multi-casting on [225.0.0.222:34997]...

Refreshing native plugins compatible for Editor in 75.38 ms, found 3 plugins.
Preloading 0 native plugins for Editor in 0.00 ms.
Initialize engine version: 2021.3.16f1 (4016570cf34f)
[Subsystems] Discovering subsystems at path C:/Program Files/Unity/Hub/Editor/2021.3.16f1/Editor/Data/Resources/UnitySubsystems
[Subsystems] Discovering subsystems at path C:/Users/david/Documents/Game Dev/RealtimeBlurs/Blurs/Assets
GfxDevice: creating device client; threaded=0; jobified=0
Direct3D:
    Version:  Direct3D 11.0 [level 11.1]
    Renderer: AMD Radeon RX 6700S (ID=0x73ef)
    Vendor:   ATI
    VRAM:     8146 MB
    Driver:   31.0.12029.10015
Initialize mono
Mono path[0] = 'C:/Program Files/Unity/Hub/Editor/2021.3.16f1/Editor/Data/Managed'
Mono path[1] = 'C:/Program Files/Unity/Hub/Editor/2021.3.16f1/Editor/Data/MonoBleedingEdge/lib/mono/unityjit-win32'
Mono config path = 'C:/Program Files/Unity/Hub/Editor/2021.3.16f1/Editor/Data/MonoBleedingEdge/etc'
Using monoOptions --debugger-agent=transport=dt_socket,embedding=1,server=y,suspend=n,address=127.0.0.1:56416
Begin MonoManager ReloadAssembly
Registering precompiled unity dll's ...
Register platform support module: C:/Program Files/Unity/Hub/Editor/2021.3.16f1/Editor/Data/PlaybackEngines/WindowsStandaloneSupport/UnityEditor.WindowsStandalone.Extensions.dll
Registered in 0.003883 seconds.
Native extension for WindowsStandalone target not found
Refreshing native plugins compatible for Editor in 81.39 ms, found 3 plugins.
Preloading 0 native plugins for Editor in 0.00 ms.
Mono: successfully reloaded assembly
- Completed reload, in  0.613 seconds
Domain Reload Profiling:
	ReloadAssembly (614ms)
		BeginReloadAssembly (66ms)
			ExecutionOrderSort (0ms)
			DisableScriptedObjects (0ms)
			BackupInstance (0ms)
			ReleaseScriptingObjects (0ms)
			CreateAndSetChildDomain (1ms)
		EndReloadAssembly (456ms)
			LoadAssemblies (65ms)
			RebuildTransferFunctionScriptingTraits (0ms)
			SetupTypeCache (100ms)
			ReleaseScriptCaches (0ms)
			RebuildScriptCaches (27ms)
			SetupLoadedEditorAssemblies (284ms)
				LogAssemblyErrors (0ms)
				InitializePlatformSupportModulesInManaged (6ms)
				SetLoadedEditorAssemblies (0ms)
				RefreshPlugins (81ms)
				BeforeProcessingInitializeOnLoad (1ms)
				ProcessInitializeOnLoadAttributes (139ms)
				ProcessInitializeOnLoadMethodAttributes (55ms)
				AfterProcessingInitializeOnLoad (0ms)
				EditorAssembliesLoaded (0ms)
			ExecutionOrderSort2 (0ms)
			AwakeInstancesAfterBackupRestoration (0ms)
Platform modules already initialized, skipping
Registering precompiled user dll's ...
Registered in 0.006194 seconds.
Begin MonoManager ReloadAssembly
Symbol file LoadedFromMemory doesn't match image C:\Users\david\Documents\Game Dev\RealtimeBlurs\Blurs\Library\PackageCache\com.unity.visualscripting@1.7.8\Editor\VisualScripting.Core\Dependencies\YamlDotNet\Unity.VisualScripting.YamlDotNet.dll
Symbol file LoadedFromMemory doesn't match image C:\Users\david\Documents\Game Dev\RealtimeBlurs\Blurs\Library\PackageCache\com.unity.visualscripting@1.7.8\Editor\VisualScripting.Core\Dependencies\DotNetZip\Unity.VisualScripting.IonicZip.dll
Native extension for WindowsStandalone target not found
Refreshing native plugins compatible for Editor in 1.34 ms, found 3 plugins.
Preloading 0 native plugins for Editor in 0.00 ms.
Mono: successfully reloaded assembly
- Completed reload, in  1.307 seconds
Domain Reload Profiling:
	ReloadAssembly (1308ms)
		BeginReloadAssembly (152ms)
			ExecutionOrderSort (0ms)
			DisableScriptedObjects (5ms)
			BackupInstance (0ms)
			ReleaseScriptingObjects (0ms)
			CreateAndSetChildDomain (35ms)
		EndReloadAssembly (1029ms)
			LoadAssemblies (108ms)
			RebuildTransferFunctionScriptingTraits (0ms)
			SetupTypeCache (376ms)
			ReleaseScriptCaches (3ms)
			RebuildScriptCaches (91ms)
			SetupLoadedEditorAssemblies (419ms)
				LogAssemblyErrors (0ms)
				InitializePlatformSupportModulesInManaged (5ms)
				SetLoadedEditorAssemblies (1ms)
				RefreshPlugins (1ms)
				BeforeProcessingInitializeOnLoad (106ms)
				ProcessInitializeOnLoadAttributes (267ms)
				ProcessInitializeOnLoadMethodAttributes (31ms)
				AfterProcessingInitializeOnLoad (8ms)
				EditorAssembliesLoaded (0ms)
			ExecutionOrderSort2 (0ms)
			AwakeInstancesAfterBackupRestoration (6ms)
Platform modules already initialized, skipping
========================================================================
Worker process is ready to serve import requests
Launched and connected shader compiler UnityShaderCompiler.exe after 0.06 seconds
Refreshing native plugins compatible for Editor in 1.45 ms, found 3 plugins.
Preloading 0 native plugins for Editor in 0.00 ms.
Unloading 3383 Unused Serialized files (Serialized files now loaded: 0)
Unloading 25 unused Assets / (57.8 KB). Loaded Objects now: 3858.
Memory consumption went from 187.8 MB to 187.8 MB.
Total: 2.867500 ms (FindLiveObjects: 0.273600 ms CreateObjectMapping: 0.098200 ms MarkObjects: 2.397600 ms  DeleteObjects: 0.097000 ms)

AssetImportParameters requested are different than current active one (requested -> active):
  custom:video-decoder-ogg-theora: a1e56fd34408186e4bbccfd4996cb3dc -> 
  custom:container-muxer-webm: aa71ff27fc2769a1b78a27578f13a17b -> 
  custom:container-demuxer-webm: 4f35f7cbe854078d1ac9338744f61a02 -> 
  custom:video-encoder-webm-vp8: eb34c28f22e8b96e1ab97ce403110664 -> 
  custom:video-codec-MediaFoundation-h265: 746d11721c4dcdbdad8f713fa42b33f4 -> 
  custom:audio-encoder-webm-vorbis: bf7c407c2cedff20999df2af8eb42d56 -> 
  custom:framework-win-MediaFoundation: 216162199b28c13a410421893ffa2e32 -> 
  custom:container-demuxer-ogg: 62fdf1f143b41e24485cea50d1cbac27 -> 
  custom:video-decoder-webm-vp8: 9c59270c3fd7afecdb556c50c9e8de78 -> 
  custom:audio-decoder-ogg-vorbis: bf7c407c2cedff20999df2af8eb42d56 -> 
========================================================================
Received Import Request.
  Time since last request: 336911.600175 seconds.
  path: Assets/Shaders/PPGaussianBlur.shader
  artifactKey: Guid(d99c9eaa69a21b84381a8abfbfefb577) Importer(815301076,1909f56bfc062723c751e8b465ee728b)
Start importing Assets/Shaders/PPGaussianBlur.shader using Guid(d99c9eaa69a21b84381a8abfbfefb577) Importer(815301076,1909f56bfc062723c751e8b465ee728b)  -> (artifact id: 'b7bfc09b52c4e545eb5c1d988f037dd7') in 0.045729 seconds 
========================================================================
Received Import Request.
  Time since last request: 14.391624 seconds.
  path: Assets/Shaders/PPGaussianBlur.shader
  artifactKey: Guid(d99c9eaa69a21b84381a8abfbfefb577) Importer(815301076,1909f56bfc062723c751e8b465ee728b)
Start importing Assets/Shaders/PPGaussianBlur.shader using Guid(d99c9eaa69a21b84381a8abfbfefb577) Importer(815301076,1909f56bfc062723c751e8b465ee728b)  -> (artifact id: '4b50cc02faf4d03913bd9f14a9125533') in 0.002779 seconds 
========================================================================
Received Prepare
Registering precompiled user dll's ...
Registered in 0.004757 seconds.
Begin MonoManager ReloadAssembly
Symbol file LoadedFromMemory doesn't match image C:\Users\david\Documents\Game Dev\RealtimeBlurs\Blurs\Library\PackageCache\com.unity.visualscripting@1.7.8\Editor\VisualScripting.Core\Dependencies\YamlDotNet\Unity.VisualScripting.YamlDotNet.dll
Symbol file LoadedFromMemory doesn't match image C:\Users\david\Documents\Game Dev\RealtimeBlurs\Blurs\Library\PackageCache\com.unity.visualscripting@1.7.8\Editor\VisualScripting.Core\Dependencies\DotNetZip\Unity.VisualScripting.IonicZip.dll
Native extension for WindowsStandalone target not found
Refreshing native plugins compatible for Editor in 0.57 ms, found 3 plugins.
Preloading 0 native plugins for Editor in 0.00 ms.
Mono: successfully reloaded assembly
- Completed reload, in  0.865 seconds
Domain Reload Profiling:
	ReloadAssembly (865ms)
		BeginReloadAssembly (129ms)
			ExecutionOrderSort (0ms)
			DisableScriptedObjects (6ms)
			BackupInstance (0ms)
			ReleaseScriptingObjects (0ms)
			CreateAndSetChildDomain (40ms)
		EndReloadAssembly (651ms)
			LoadAssemblies (74ms)
			RebuildTransferFunctionScriptingTraits (0ms)
			SetupTypeCache (233ms)
			ReleaseScriptCaches (1ms)
			RebuildScriptCaches (40ms)
			SetupLoadedEditorAssemblies (273ms)
				LogAssemblyErrors (0ms)
				InitializePlatformSupportModulesInManaged (10ms)
				SetLoadedEditorAssemblies (0ms)
				RefreshPlugins (1ms)
				BeforeProcessingInitializeOnLoad (53ms)
				ProcessInitializeOnLoadAttributes (180ms)
				ProcessInitializeOnLoadMethodAttributes (22ms)
				AfterProcessingInitializeOnLoad (6ms)
				EditorAssembliesLoaded (0ms)
			ExecutionOrderSort2 (0ms)
			AwakeInstancesAfterBackupRestoration (6ms)
Platform modules already initialized, skipping
Refreshing native plugins compatible for Editor in 1.93 ms, found 3 plugins.
Preloading 0 native plugins for Editor in 0.00 ms.
Unloading 3358 Unused Serialized files (Serialized files now loaded: 0)
Unloading 18 unused Assets / (24.7 KB). Loaded Objects now: 3862.
Memory consumption went from 185.7 MB to 185.6 MB.
Total: 2.728200 ms (FindLiveObjects: 0.219100 ms CreateObjectMapping: 0.079000 ms MarkObjects: 2.406400 ms  DeleteObjects: 0.023100 ms)

AssetImportParameters requested are different than current active one (requested -> active):
  custom:video-decoder-ogg-theora: a1e56fd34408186e4bbccfd4996cb3dc -> 
  custom:container-muxer-webm: aa71ff27fc2769a1b78a27578f13a17b -> 
  custom:container-demuxer-webm: 4f35f7cbe854078d1ac9338744f61a02 -> 
  custom:video-encoder-webm-vp8: eb34c28f22e8b96e1ab97ce403110664 -> 
  custom:video-codec-MediaFoundation-h265: 746d11721c4dcdbdad8f713fa42b33f4 -> 
  custom:audio-encoder-webm-vorbis: bf7c407c2cedff20999df2af8eb42d56 -> 
  custom:framework-win-MediaFoundation: 216162199b28c13a410421893ffa2e32 -> 
  custom:container-demuxer-ogg: 62fdf1f143b41e24485cea50d1cbac27 -> 
  custom:video-decoder-webm-vp8: 9c59270c3fd7afecdb556c50c9e8de78 -> 
  custom:audio-decoder-ogg-vorbis: bf7c407c2cedff20999df2af8eb42d56 -> 
========================================================================
Received Import Request.
  Time since last request: 1136.277329 seconds.
  path: Assets/Shaders/PPMotionBlur.shader
  artifactKey: Guid(0f82ec2b270b70c4fa53d68bdea9e0d9) Importer(815301076,1909f56bfc062723c751e8b465ee728b)
Start importing Assets/Shaders/PPMotionBlur.shader using Guid(0f82ec2b270b70c4fa53d68bdea9e0d9) Importer(815301076,1909f56bfc062723c751e8b465ee728b)  -> (artifact id: '1871889599e120ee52f25011b92e6b11') in 0.023433 seconds 
========================================================================
Received Import Request.
  Time since last request: 2390.323295 seconds.
  path: Assets/Shaders/PPMotionBlur.shader
  artifactKey: Guid(0f82ec2b270b70c4fa53d68bdea9e0d9) Importer(815301076,1909f56bfc062723c751e8b465ee728b)
Start importing Assets/Shaders/PPMotionBlur.shader using Guid(0f82ec2b270b70c4fa53d68bdea9e0d9) Importer(815301076,1909f56bfc062723c751e8b465ee728b)  -> (artifact id: 'fc5980bdb863908be2ab41af9bf202c6') in 0.003058 seconds 
========================================================================
Received Import Request.
  Time since last request: 2.996963 seconds.
  path: Assets/Shaders/PPBokehBlur.shader
  artifactKey: Guid(08a15f13707daa343afbce5023f9fc64) Importer(815301076,1909f56bfc062723c751e8b465ee728b)
Start importing Assets/Shaders/PPBokehBlur.shader using Guid(08a15f13707daa343afbce5023f9fc64) Importer(815301076,1909f56bfc062723c751e8b465ee728b)  -> (artifact id: '1721f4f26cd6cd0824acc264971f589b') in 0.010948 seconds 
========================================================================
Received Import Request.
  Time since last request: 279.821540 seconds.
  path: Assets/Shaders/PPBokehBlur.shader
  artifactKey: Guid(08a15f13707daa343afbce5023f9fc64) Importer(815301076,1909f56bfc062723c751e8b465ee728b)
Start importing Assets/Shaders/PPBokehBlur.shader using Guid(08a15f13707daa343afbce5023f9fc64) Importer(815301076,1909f56bfc062723c751e8b465ee728b)  -> (artifact id: 'bef9858eef3476aad7770e3bb1dd138a') in 0.002789 seconds 
========================================================================
Received Import Request.
  Time since last request: 0.991413 seconds.
  path: Assets/Shaders/PPBoxBlur.shader
  artifactKey: Guid(7cd62f62784801845bec11cf54fd6d70) Importer(815301076,1909f56bfc062723c751e8b465ee728b)
Start importing Assets/Shaders/PPBoxBlur.shader using Guid(7cd62f62784801845bec11cf54fd6d70) Importer(815301076,1909f56bfc062723c751e8b465ee728b)  -> (artifact id: 'c35dba2836ecce269a2b76f127531aaa') in 0.008351 seconds 
========================================================================
Received Import Request.
  Time since last request: 4.513517 seconds.
  path: Assets/Shaders/PPRadialBlur.shader
  artifactKey: Guid(075d796b278fd5d4b9a63e40552ef38b) Importer(815301076,1909f56bfc062723c751e8b465ee728b)
Start importing Assets/Shaders/PPRadialBlur.shader using Guid(075d796b278fd5d4b9a63e40552ef38b) Importer(815301076,1909f56bfc062723c751e8b465ee728b)  -> (artifact id: '8e6f51ebe70789f54c14a4316e7b5271') in 0.008594 seconds 
========================================================================
Received Import Request.
  Time since last request: 3.681996 seconds.
  path: Assets/Shaders/PPRadialBlur.shader
  artifactKey: Guid(075d796b278fd5d4b9a63e40552ef38b) Importer(815301076,1909f56bfc062723c751e8b465ee728b)
Start importing Assets/Shaders/PPRadialBlur.shader using Guid(075d796b278fd5d4b9a63e40552ef38b) Importer(815301076,1909f56bfc062723c751e8b465ee728b)  -> (artifact id: 'f02f3fe174e734e7b724e31024041220') in 0.002261 seconds 
========================================================================
Received Import Request.
  Time since last request: 1.347144 seconds.
  path: Assets/Shaders/PPMotionBlur.shader
  artifactKey: Guid(0f82ec2b270b70c4fa53d68bdea9e0d9) Importer(815301076,1909f56bfc062723c751e8b465ee728b)
Start importing Assets/Shaders/PPMotionBlur.shader using Guid(0f82ec2b270b70c4fa53d68bdea9e0d9) Importer(815301076,1909f56bfc062723c751e8b465ee728b)  -> (artifact id: 'dfd492646db15af221f4e6a3135b581e') in 0.002473 seconds 
========================================================================
Received Import Request.
  Time since last request: 3.792910 seconds.
  path: Assets/Shaders/PPGaussianBlur.shader
  artifactKey: Guid(d99c9eaa69a21b84381a8abfbfefb577) Importer(815301076,1909f56bfc062723c751e8b465ee728b)
Start importing Assets/Shaders/PPGaussianBlur.shader using Guid(d99c9eaa69a21b84381a8abfbfefb577) Importer(815301076,1909f56bfc062723c751e8b465ee728b)  -> (artifact id: '0fe5324ba9f5434c3dc029ac8d1ec02b') in 0.002600 seconds 
========================================================================
Received Import Request.
  Time since last request: 6.566552 seconds.
  path: Assets/Shaders/PPGaussianBlur.shader
  artifactKey: Guid(d99c9eaa69a21b84381a8abfbfefb577) Importer(815301076,1909f56bfc062723c751e8b465ee728b)
Start importing Assets/Shaders/PPGaussianBlur.shader using Guid(d99c9eaa69a21b84381a8abfbfefb577) Importer(815301076,1909f56bfc062723c751e8b465ee728b)  -> (artifact id: '1c8803a3db8092c8c5c34ee0b7e530af') in 0.002310 seconds 
========================================================================
Received Import Request.
  Time since last request: 1.204367 seconds.
  path: Assets/Shaders/PPDirectionalBlur.shader
  artifactKey: Guid(6216c0ef25ca9a34c9eccdb8a0a2d1ff) Importer(815301076,1909f56bfc062723c751e8b465ee728b)
Start importing Assets/Shaders/PPDirectionalBlur.shader using Guid(6216c0ef25ca9a34c9eccdb8a0a2d1ff) Importer(815301076,1909f56bfc062723c751e8b465ee728b)  -> (artifact id: '367dd2210bcfadbf21e64d372d3588c7') in 0.007510 seconds 
========================================================================
Received Import Request.
  Time since last request: 3.923848 seconds.
  path: Assets/Shaders/PPDirectionalBlur.shader
  artifactKey: Guid(6216c0ef25ca9a34c9eccdb8a0a2d1ff) Importer(815301076,1909f56bfc062723c751e8b465ee728b)
Start importing Assets/Shaders/PPDirectionalBlur.shader using Guid(6216c0ef25ca9a34c9eccdb8a0a2d1ff) Importer(815301076,1909f56bfc062723c751e8b465ee728b)  -> (artifact id: '3089ef84339dfe7fb2f11d0a3999f2e8') in 0.002108 seconds 
